buscador_de_gif/build/app/intermediates/manifest_merge_blame_file/release/manifest-merger-blame-release-report.txt
1<?xml version="1.0" encoding="utf-8"?>
2<manifest xmlns:android="http://schemas.android.com/apk/res/android"
3    package="com.example.buscador_de_gif"
4    android:versionCode="1"
5    android:versionName="1.0.0" >
6
7    <uses-sdk
8        android:minSdkVersion="16"
8-->src/main/AndroidManifest.xml
9        android:targetSdkVersion="28" />
9-->src/main/AndroidManifest.xml
10    <!--
11         io.flutter.app.FlutterApplication is an android.app.Application that
12         calls FlutterMain.startInitialization(this); in its onCreate method.
13         In most cases you can leave this as-is, but you if you want to provide
14         additional functionality it is fine to subclass or reimplement
15         FlutterApplication and put your custom class here.
16    -->
17
18    <uses-permission android:name="android.permission.INTERNET" />
18-->src/main/AndroidManifest.xml:9:5-66
18-->src/main/AndroidManifest.xml:9:22-64
19
20    <application
20-->src/main/AndroidManifest.xml:10:5-31:19
21        android:name="io.flutter.app.FlutterApplication"
21-->src/main/AndroidManifest.xml:11:9-57
22        android:appComponentFactory="androidx.core.app.CoreComponentFactory"
22-->[androidx.core:core:1.0.0] AndroidManifest.xml:22:18-86
23        android:icon="@mipmap/ic_launcher"
23-->src/main/AndroidManifest.xml:13:9-43
24        android:label="buscador_de_gif" >
24-->src/main/AndroidManifest.xml:12:9-40
25        <activity
25-->src/main/AndroidManifest.xml:14:9-25:20
26            android:name="com.example.buscador_de_gif.MainActivity"
26-->src/main/AndroidManifest.xml:15:13-41
27            android:configChanges="orientation|keyboardHidden|keyboard|screenSize|smallestScreenSize|locale|layoutDirection|fontScale|screenLayout|density|uiMode"
27-->src/main/AndroidManifest.xml:18:13-163
28            android:hardwareAccelerated="true"
28-->src/main/AndroidManifest.xml:19:13-47
29            android:launchMode="singleTop"
29-->src/main/AndroidManifest.xml:16:13-43
30            android:theme="@style/LaunchTheme"
30-->src/main/AndroidManifest.xml:17:13-47
31            android:windowSoftInputMode="adjustResize" >
31-->src/main/AndroidManifest.xml:20:13-55
32            <intent-filter>
32-->src/main/AndroidManifest.xml:21:13-24:29
33                <action android:name="android.intent.action.MAIN" />
33-->src/main/AndroidManifest.xml:22:17-68
33-->src/main/AndroidManifest.xml:22:25-66
34
35                <category android:name="android.intent.category.LAUNCHER" />
35-->src/main/AndroidManifest.xml:23:17-76
35-->src/main/AndroidManifest.xml:23:27-74
36            </intent-filter>
37        </activity>
38        <!--
39             Don't delete the meta-data below.
40             This is used by the Flutter tool to generate GeneratedPluginRegistrant.java
41        -->
42        <meta-data
42-->src/main/AndroidManifest.xml:28:9-30:33
43            android:name="flutterEmbedding"
43-->src/main/AndroidManifest.xml:29:13-44
44            android:value="2" />
44-->src/main/AndroidManifest.xml:30:13-30
45    </application>
46
47</manifest>